2024-12-27 09:39:25,652 - WDM - INFO - ====== WebDriver manager ======
2024-12-27 09:39:26,156 - WDM - INFO - Get LATEST chromedriver version for google-chrome
2024-12-27 09:39:26,338 - WDM - INFO - Get LATEST chromedriver version for google-chrome
2024-12-27 09:39:26,449 - WDM - INFO - Driver [C:\Users\usuario\.wdm\drivers\chromedriver\win64\131.0.6778.204\chromedriver-win32/chromedriver.exe] found in cache
2024-12-27 10:38:37,389 - WDM - INFO - ====== WebDriver manager ======
2024-12-27 10:38:37,930 - WDM - INFO - Get LATEST chromedriver version for google-chrome
2024-12-27 10:38:38,125 - WDM - INFO - Get LATEST chromedriver version for google-chrome
2024-12-27 10:38:38,248 - WDM - INFO - Driver [C:\Users\usuario\.wdm\drivers\chromedriver\win64\131.0.6778.204\chromedriver-win32/chromedriver.exe] found in cache
2024-12-27 10:39:57,479 - invoice_processor - INFO - Buscando archivo PDF más reciente...
2024-12-27 10:39:57,480 - invoice_processor - INFO - Archivo PDF reciente encontrado: 30714395609_001_00004_00003082.pdf
2024-12-27 10:39:57,481 - invoice_processor - INFO - Procesando archivo para RUTA ONCE SRL
2024-12-27 10:39:57,483 - invoice_processor - INFO - Archivo movido exitosamente a: C:\Users\usuario\Desktop\Facturas_NOV\RUTA ONCE SRL x Honorarios Diciembre 2024 - Rendición N° 11426.pdf
2024-12-27 10:41:04,903 - invoice_processor - INFO - Buscando archivo PDF más reciente...
2024-12-27 10:41:04,904 - invoice_processor - INFO - Archivo PDF reciente encontrado: 30714395609_001_00004_00003083.pdf
2024-12-27 10:41:04,904 - invoice_processor - INFO - Procesando archivo para RUTA ONCE SRL
2024-12-27 10:41:04,905 - invoice_processor - INFO - Archivo movido exitosamente a: C:\Users\usuario\Desktop\Facturas_NOV\RUTA ONCE SRL x Honorarios Diciembre 2024 - Rendición N° 11407.pdf
2024-12-27 18:56:30,618 - WDM - INFO - ====== WebDriver manager ======
2024-12-27 18:56:31,374 - WDM - INFO - Get LATEST chromedriver version for google-chrome
2024-12-27 18:56:31,542 - WDM - INFO - Get LATEST chromedriver version for google-chrome
2024-12-27 18:56:31,632 - WDM - INFO - Driver [C:\Users\usuario\.wdm\drivers\chromedriver\win64\131.0.6778.204\chromedriver-win32/chromedriver.exe] found in cache
2024-12-27 18:57:48,841 - invoice_processor - INFO - Buscando archivo PDF más reciente...
2024-12-27 18:57:48,842 - invoice_processor - INFO - Archivo PDF reciente encontrado: 30714395609_001_00004_00003084.pdf
2024-12-27 18:57:48,842 - invoice_processor - INFO - Procesando archivo para SALAZAR LAURA LILIANA
2024-12-27 18:57:48,844 - invoice_processor - INFO - Archivo movido exitosamente a: C:\Users\usuario\Desktop\Facturas_NOV\SALAZAR LAURA LILIANA x Honorarios Diciembre 2024 - Rendición N° 11418.pdf
2024-12-27 18:58:55,922 - invoice_processor - INFO - Buscando archivo PDF más reciente...
2024-12-27 18:58:55,924 - invoice_processor - INFO - Archivo PDF reciente encontrado: 30714395609_001_00004_00003085.pdf
2024-12-27 18:58:55,925 - invoice_processor - INFO - Procesando archivo para SALAZAR LAURA LILIANA
2024-12-27 18:58:55,927 - invoice_processor - INFO - Archivo movido exitosamente a: C:\Users\usuario\Desktop\Facturas_NOV\SALAZAR LAURA LILIANA x Honorarios Diciembre 2024 - Rendición N° 11419.pdf
2024-12-27 19:00:01,871 - invoice_processor - INFO - Buscando archivo PDF más reciente...
2024-12-27 19:00:01,873 - invoice_processor - INFO - Archivo PDF reciente encontrado: 30714395609_001_00004_00003086.pdf
2024-12-27 19:00:01,874 - invoice_processor - INFO - Procesando archivo para ZARZA GUGGIARI CESAR ALBERTO
2024-12-27 19:00:01,877 - invoice_processor - INFO - Archivo movido exitosamente a: C:\Users\usuario\Desktop\Facturas_NOV\ZARZA GUGGIARI CESAR ALBERTO x Honorarios Diciembre 2024 - Rendición N° 11346.pdf
2024-12-27 19:18:52,205 - WDM - INFO - ====== WebDriver manager ======
2024-12-27 19:18:52,843 - WDM - INFO - Get LATEST chromedriver version for google-chrome
2024-12-27 19:18:52,962 - WDM - INFO - Get LATEST chromedriver version for google-chrome
2024-12-27 19:18:53,070 - WDM - INFO - Driver [C:\Users\usuario\.wdm\drivers\chromedriver\win64\131.0.6778.204\chromedriver-win32/chromedriver.exe] found in cache
2024-12-27 19:20:10,819 - invoice_processor - INFO - Buscando archivo PDF más reciente...
2024-12-27 19:20:10,820 - invoice_processor - INFO - Archivo PDF reciente encontrado: 30714395609_001_00004_00003087.pdf
2024-12-27 19:20:10,821 - invoice_processor - INFO - Procesando archivo para ZARZA GUGGIARI CESAR ALBERTO
2024-12-27 19:20:10,823 - invoice_processor - INFO - Archivo movido exitosamente a: C:\Users\usuario\Desktop\Facturas_NOV\ZARZA GUGGIARI CESAR ALBERTO x Honorarios Diciembre 2024 - Rendición N° 11244.pdf
2024-12-27 19:25:07,645 - WDM - INFO - ====== WebDriver manager ======
2024-12-27 19:25:08,249 - WDM - INFO - Get LATEST chromedriver version for google-chrome
2024-12-27 19:25:08,422 - WDM - INFO - Get LATEST chromedriver version for google-chrome
2024-12-27 19:25:08,556 - WDM - INFO - Driver [C:\Users\usuario\.wdm\drivers\chromedriver\win64\131.0.6778.204\chromedriver-win32/chromedriver.exe] found in cache
2024-12-27 19:26:22,864 - urllib3.connectionpool - WARNING - Retrying (Retry(total=2, connect=None, read=None, redirect=None, status=None)) after connection broken by 'NewConnectionError('<urllib3.connection.HTTPConnection object at 0x000002728E2F8EB0>: Failed to establish a new connection: [WinError 10061] No se puede establecer una conexión ya que el equipo de destino denegó expresamente dicha conexión')': /session/70d5e954b61b45e9384eec12a0baf37b
2024-12-27 19:26:24,871 - urllib3.connectionpool - WARNING - Retrying (Retry(total=1, connect=None, read=None, redirect=None, status=None)) after connection broken by 'NewConnectionError('<urllib3.connection.HTTPConnection object at 0x000002728E890DF0>: Failed to establish a new connection: [WinError 10061] No se puede establecer una conexión ya que el equipo de destino denegó expresamente dicha conexión')': /session/70d5e954b61b45e9384eec12a0baf37b
2024-12-27 19:26:26,877 - urllib3.connectionpool - WARNING - Retrying (Retry(total=0, connect=None, read=None, redirect=None, status=None)) after connection broken by 'NewConnectionError('<urllib3.connection.HTTPConnection object at 0x000002728E890F40>: Failed to establish a new connection: [WinError 10061] No se puede establecer una conexión ya que el equipo de destino denegó expresamente dicha conexión')': /session/70d5e954b61b45e9384eec12a0baf37b
2024-12-27 19:27:05,578 - WDM - INFO - ====== WebDriver manager ======
2024-12-27 19:27:06,218 - WDM - INFO - Get LATEST chromedriver version for google-chrome
2024-12-27 19:27:06,310 - WDM - INFO - Get LATEST chromedriver version for google-chrome
2024-12-27 19:27:06,447 - WDM - INFO - Driver [C:\Users\usuario\.wdm\drivers\chromedriver\win64\131.0.6778.204\chromedriver-win32/chromedriver.exe] found in cache
2024-12-27 19:28:25,275 - invoice_processor - INFO - Buscando archivo PDF más reciente...
2024-12-27 19:28:25,276 - invoice_processor - INFO - Archivo PDF reciente encontrado: 30714395609_001_00004_00003088.pdf
2024-12-27 19:28:25,278 - invoice_processor - INFO - Procesando archivo para ALVAREZ CAROLINA
2024-12-27 19:28:25,286 - invoice_processor - INFO - Archivo movido exitosamente a: C:\Users\usuario\Desktop\Facturas_NOV\ALVAREZ CAROLINA x Honorarios Diciembre 2024 - Rendición N° 11415.pdf
2024-12-27 19:29:31,704 - invoice_processor - INFO - Buscando archivo PDF más reciente...
2024-12-27 19:29:31,705 - invoice_processor - INFO - Archivo PDF reciente encontrado: 30714395609_001_00004_00003089.pdf
2024-12-27 19:29:31,705 - invoice_processor - INFO - Procesando archivo para ASSANDRI ALFREDO
2024-12-27 19:29:31,707 - invoice_processor - INFO - Archivo movido exitosamente a: C:\Users\usuario\Desktop\Facturas_NOV\ASSANDRI ALFREDO x Honorarios Diciembre 2024 - Rendición N° 11374.pdf
2024-12-27 19:30:38,031 - invoice_processor - INFO - Buscando archivo PDF más reciente...
2024-12-27 19:30:38,032 - invoice_processor - INFO - Archivo PDF reciente encontrado: 30714395609_001_00004_00003090.pdf
2024-12-27 19:30:38,033 - invoice_processor - INFO - Procesando archivo para ATTIAS ELSA EDITH
2024-12-27 19:30:38,034 - invoice_processor - INFO - Archivo movido exitosamente a: C:\Users\usuario\Desktop\Facturas_NOV\ATTIAS ELSA EDITH x Honorarios Diciembre 2024 - Rendición N° 11246.pdf
2024-12-27 19:31:44,634 - invoice_processor - INFO - Buscando archivo PDF más reciente...
2024-12-27 19:31:44,635 - invoice_processor - INFO - Archivo PDF reciente encontrado: 30714395609_001_00004_00003091.pdf
2024-12-27 19:31:44,635 - invoice_processor - INFO - Procesando archivo para AVENDAÑO MIRIAM EMILIA
2024-12-27 19:31:44,636 - invoice_processor - INFO - Archivo movido exitosamente a: C:\Users\usuario\Desktop\Facturas_NOV\AVENDAÑO MIRIAM EMILIA x Honorarios Diciembre 2024 - Rendición N° 11423.pdf
2024-12-27 19:32:51,113 - invoice_processor - INFO - Buscando archivo PDF más reciente...
2024-12-27 19:32:51,113 - invoice_processor - INFO - Archivo PDF reciente encontrado: 30714395609_001_00004_00003092.pdf
2024-12-27 19:32:51,114 - invoice_processor - INFO - Procesando archivo para BECCARI RAUL MARIO
2024-12-27 19:32:51,116 - invoice_processor - INFO - Archivo movido exitosamente a: C:\Users\usuario\Desktop\Facturas_NOV\BECCARI RAUL MARIO x Honorarios Diciembre 2024 - Rendición N° 1139.pdf
2024-12-27 19:33:57,937 - invoice_processor - INFO - Buscando archivo PDF más reciente...
2024-12-27 19:33:57,939 - invoice_processor - INFO - Archivo PDF reciente encontrado: 30714395609_001_00004_00003093.pdf
2024-12-27 19:33:57,939 - invoice_processor - INFO - Procesando archivo para BRIQUE SRL
2024-12-27 19:33:57,942 - invoice_processor - INFO - Archivo movido exitosamente a: C:\Users\usuario\Desktop\Facturas_NOV\BRIQUE SRL x Honorarios Diciembre 2024 - Rendición N° 11187.pdf
2024-12-27 19:35:05,441 - invoice_processor - INFO - Buscando archivo PDF más reciente...
2024-12-27 19:35:05,442 - invoice_processor - INFO - Archivo PDF reciente encontrado: 30714395609_001_00004_00003094.pdf
2024-12-27 19:35:05,442 - invoice_processor - INFO - Procesando archivo para CANAVESIO OSCAR FERNANDO
2024-12-27 19:35:05,443 - invoice_processor - INFO - Archivo movido exitosamente a: C:\Users\usuario\Desktop\Facturas_NOV\CANAVESIO OSCAR FERNANDO x Honorarios Diciembre 2024 - Rendición N° 11394.pdf
2024-12-27 19:36:14,429 - invoice_processor - INFO - Buscando archivo PDF más reciente...
2024-12-27 19:36:14,431 - invoice_processor - INFO - Archivo PDF reciente encontrado: 30714395609_006_00004_00001425.pdf
2024-12-27 19:36:14,432 - invoice_processor - INFO - Procesando archivo para CARDONA MARIO
2024-12-27 19:36:14,434 - invoice_processor - INFO - Archivo movido exitosamente a: C:\Users\usuario\Desktop\Facturas_NOV\CARDONA MARIO x Honorarios Diciembre 2024 - Rendición N° 11343.pdf
2024-12-27 19:53:15,758 - WDM - INFO - ====== WebDriver manager ======
2024-12-27 19:53:16,303 - WDM - INFO - Get LATEST chromedriver version for google-chrome
2024-12-27 19:53:16,460 - WDM - INFO - Get LATEST chromedriver version for google-chrome
2024-12-27 19:53:16,590 - WDM - INFO - Driver [C:\Users\usuario\.wdm\drivers\chromedriver\win64\131.0.6778.204\chromedriver-win32/chromedriver.exe] found in cache
2024-12-27 19:54:36,041 - invoice_processor - INFO - Buscando archivo PDF más reciente...
2024-12-27 19:54:36,043 - invoice_processor - INFO - Archivo PDF reciente encontrado: 30714395609_006_00004_00001426.pdf
2024-12-27 19:54:36,044 - invoice_processor - INFO - Procesando archivo para CASSIN ELIOT
2024-12-27 19:54:36,047 - invoice_processor - INFO - Archivo movido exitosamente a: C:\Users\usuario\Desktop\Facturas_NOV\CASSIN ELIOT x Honorarios Diciembre 2024 - Rendición N° 11318.pdf
2024-12-27 19:55:42,478 - invoice_processor - INFO - Buscando archivo PDF más reciente...
2024-12-27 19:55:42,479 - invoice_processor - INFO - Archivo PDF reciente encontrado: 30714395609_001_00004_00003095.pdf
2024-12-27 19:55:42,479 - invoice_processor - INFO - Procesando archivo para CASTRO HERNAN RAMON
2024-12-27 19:55:42,480 - invoice_processor - INFO - Archivo movido exitosamente a: C:\Users\usuario\Desktop\Facturas_NOV\CASTRO HERNAN RAMON x Honorarios Diciembre 2024 - Rendición N° 11361.pdf
2024-12-27 19:56:52,438 - invoice_processor - INFO - Buscando archivo PDF más reciente...
2024-12-27 19:56:52,440 - invoice_processor - INFO - Archivo PDF reciente encontrado: 30714395609_006_00004_00001427.pdf
2024-12-27 19:56:52,441 - invoice_processor - INFO - Procesando archivo para CENTORBI SHAIRA
2024-12-27 19:56:52,444 - invoice_processor - INFO - Archivo movido exitosamente a: C:\Users\usuario\Desktop\Facturas_NOV\CENTORBI SHAIRA x Honorarios Diciembre 2024 - Rendición N° 11159.pdf
2024-12-27 19:57:58,283 - invoice_processor - INFO - Buscando archivo PDF más reciente...
2024-12-27 19:57:58,285 - invoice_processor - INFO - Archivo PDF reciente encontrado: 30714395609_001_00004_00003096.pdf
2024-12-27 19:57:58,286 - invoice_processor - INFO - Procesando archivo para Condominio FERNANDEZ
2024-12-27 19:57:58,288 - invoice_processor - INFO - Archivo movido exitosamente a: C:\Users\usuario\Desktop\Facturas_NOV\Condominio FERNANDEZ x Honorarios Diciembre 2024 - Rendición N° 11264.pdf
2024-12-27 19:59:05,513 - invoice_processor - INFO - Buscando archivo PDF más reciente...
2024-12-27 19:59:05,513 - invoice_processor - INFO - Archivo PDF reciente encontrado: 30714395609_001_00004_00003097.pdf
2024-12-27 19:59:05,514 - invoice_processor - INFO - Procesando archivo para DE MADARIAGA Mabel
2024-12-27 19:59:05,515 - invoice_processor - INFO - Archivo movido exitosamente a: C:\Users\usuario\Desktop\Facturas_NOV\DE MADARIAGA Mabel x Honorarios Diciembre 2024 - Rendición N° 11404.pdf
2024-12-27 20:00:11,238 - invoice_processor - INFO - Buscando archivo PDF más reciente...
2024-12-27 20:00:11,240 - invoice_processor - INFO - Archivo PDF reciente encontrado: 30714395609_001_00004_00003098.pdf
2024-12-27 20:00:11,241 - invoice_processor - INFO - Procesando archivo para DE NARDO RODRIGO
2024-12-27 20:00:11,244 - invoice_processor - INFO - Archivo movido exitosamente a: C:\Users\usuario\Desktop\Facturas_NOV\DE NARDO RODRIGO x Honorarios Diciembre 2024 - Rendición N° 11405.pdf
2024-12-27 20:01:18,205 - invoice_processor - INFO - Buscando archivo PDF más reciente...
2024-12-27 20:01:18,206 - invoice_processor - INFO - Archivo PDF reciente encontrado: 30714395609_001_00004_00003099.pdf
2024-12-27 20:01:18,206 - invoice_processor - INFO - Procesando archivo para ESCOBAR OMAR AMADO
2024-12-27 20:01:18,207 - invoice_processor - INFO - Archivo movido exitosamente a: C:\Users\usuario\Desktop\Facturas_NOV\ESCOBAR OMAR AMADO x Honorarios Diciembre 2024 - Rendición N° 11283.pdf
2024-12-27 20:02:27,592 - invoice_processor - INFO - Buscando archivo PDF más reciente...
2024-12-27 20:02:27,595 - invoice_processor - INFO - Archivo PDF reciente encontrado: 30714395609_006_00004_00001428.pdf
2024-12-27 20:02:27,595 - invoice_processor - INFO - Procesando archivo para GALARZA LUJAMBIO JOSE GASTON
2024-12-27 20:02:27,598 - invoice_processor - INFO - Archivo movido exitosamente a: C:\Users\usuario\Desktop\Facturas_NOV\GALARZA LUJAMBIO JOSE GASTON x Honorarios Diciembre 2024 - Rendición N° 11223.pdf
2024-12-27 20:03:37,519 - invoice_processor - INFO - Buscando archivo PDF más reciente...
2024-12-27 20:03:37,519 - invoice_processor - INFO - Archivo PDF reciente encontrado: 30714395609_006_00004_00001429.pdf
2024-12-27 20:03:37,520 - invoice_processor - INFO - Procesando archivo para GALOTTA CARLOS FABIAN
2024-12-27 20:03:37,521 - invoice_processor - INFO - Archivo movido exitosamente a: C:\Users\usuario\Desktop\Facturas_NOV\GALOTTA CARLOS FABIAN x Honorarios Diciembre 2024 - Rendición N° 11226.pdf
2024-12-27 20:04:44,519 - invoice_processor - INFO - Buscando archivo PDF más reciente...
2024-12-27 20:04:44,521 - invoice_processor - INFO - Archivo PDF reciente encontrado: 30714395609_001_00004_00003100.pdf
2024-12-27 20:04:44,522 - invoice_processor - INFO - Procesando archivo para GAVIOLI DE ZARZA GLADYS TERESITA
2024-12-27 20:04:44,524 - invoice_processor - INFO - Archivo movido exitosamente a: C:\Users\usuario\Desktop\Facturas_NOV\GAVIOLI DE ZARZA GLADYS TERESITA x Honorarios Diciembre 2024 - Rendición N° 11243.pdf
2024-12-27 20:05:50,618 - invoice_processor - INFO - Buscando archivo PDF más reciente...
2024-12-27 20:05:50,619 - invoice_processor - INFO - Archivo PDF reciente encontrado: 30714395609_001_00004_00003101.pdf
2024-12-27 20:05:50,619 - invoice_processor - INFO - Procesando archivo para GIGENA GUILLERMO JOSE
2024-12-27 20:05:50,620 - invoice_processor - INFO - Archivo movido exitosamente a: C:\Users\usuario\Desktop\Facturas_NOV\GIGENA GUILLERMO JOSE x Honorarios Diciembre 2024 - Rendición N° 1133.pdf
2024-12-27 20:06:57,811 - invoice_processor - INFO - Buscando archivo PDF más reciente...
2024-12-27 20:06:57,812 - invoice_processor - INFO - Archivo PDF reciente encontrado: 30714395609_001_00004_00003102.pdf
2024-12-27 20:06:57,813 - invoice_processor - INFO - Procesando archivo para GIUSIANO ELDA MARGARITA
2024-12-27 20:06:57,814 - invoice_processor - INFO - Archivo movido exitosamente a: C:\Users\usuario\Desktop\Facturas_NOV\GIUSIANO ELDA MARGARITA x Honorarios Diciembre 2024 - Rendición N° 11314.pdf
2024-12-27 20:08:03,771 - invoice_processor - INFO - Buscando archivo PDF más reciente...
2024-12-27 20:08:03,773 - invoice_processor - INFO - Archivo PDF reciente encontrado: 30714395609_001_00004_00003103.pdf
2024-12-27 20:08:03,774 - invoice_processor - INFO - Procesando archivo para GORLERI SH
2024-12-27 20:08:03,776 - invoice_processor - INFO - Archivo movido exitosamente a: C:\Users\usuario\Desktop\Facturas_NOV\GORLERI SH x Honorarios Diciembre 2024 - Rendición N° 11383.pdf
2024-12-27 20:09:14,022 - invoice_processor - INFO - Buscando archivo PDF más reciente...
2024-12-27 20:09:14,022 - invoice_processor - INFO - Archivo PDF reciente encontrado: 30714395609_006_00004_00001430.pdf
2024-12-27 20:09:14,023 - invoice_processor - INFO - Procesando archivo para GRANOLLERS GLORIA
2024-12-27 20:09:14,024 - invoice_processor - INFO - Archivo movido exitosamente a: C:\Users\usuario\Desktop\Facturas_NOV\GRANOLLERS GLORIA x Honorarios Diciembre 2024 - Rendición N° 11292.pdf
2024-12-27 20:10:19,968 - invoice_processor - INFO - Buscando archivo PDF más reciente...
2024-12-27 20:10:19,970 - invoice_processor - INFO - Archivo PDF reciente encontrado: 30714395609_001_00004_00003104.pdf
2024-12-27 20:10:19,970 - invoice_processor - INFO - Procesando archivo para LOPEZ GRACIELA
2024-12-27 20:10:19,973 - invoice_processor - INFO - Archivo movido exitosamente a: C:\Users\usuario\Desktop\Facturas_NOV\LOPEZ GRACIELA x Honorarios Diciembre 2024 - Rendición N° 11331.pdf
2024-12-27 20:11:26,688 - invoice_processor - INFO - Buscando archivo PDF más reciente...
2024-12-27 20:11:26,689 - invoice_processor - INFO - Archivo PDF reciente encontrado: 30714395609_001_00004_00003105.pdf
2024-12-27 20:11:26,689 - invoice_processor - INFO - Procesando archivo para MAZZAGLIA, SILVIA BEATRIZ
2024-12-27 20:11:26,690 - invoice_processor - INFO - Archivo movido exitosamente a: C:\Users\usuario\Desktop\Facturas_NOV\MAZZAGLIA, SILVIA BEATRIZ x Honorarios Diciembre 2024 - Rendición N° 11326.pdf
2024-12-27 20:12:32,425 - invoice_processor - INFO - Buscando archivo PDF más reciente...
2024-12-27 20:12:32,426 - invoice_processor - INFO - Archivo PDF reciente encontrado: 30714395609_001_00004_00003106.pdf
2024-12-27 20:12:32,426 - invoice_processor - INFO - Procesando archivo para MERINO MARIA EUGENIA
2024-12-27 20:12:32,427 - invoice_processor - INFO - Archivo movido exitosamente a: C:\Users\usuario\Desktop\Facturas_NOV\MERINO MARIA EUGENIA x Honorarios Diciembre 2024 - Rendición N° 11204.pdf
2024-12-27 20:13:38,969 - invoice_processor - INFO - Buscando archivo PDF más reciente...
2024-12-27 20:13:38,970 - invoice_processor - INFO - Archivo PDF reciente encontrado: 30714395609_001_00004_00003107.pdf
2024-12-27 20:13:38,970 - invoice_processor - INFO - Procesando archivo para MILANESE HECTOR FRANCISCO
2024-12-27 20:13:38,971 - invoice_processor - INFO - Archivo movido exitosamente a: C:\Users\usuario\Desktop\Facturas_NOV\MILANESE HECTOR FRANCISCO x Honorarios Diciembre 2024 - Rendición N° 1125.pdf
2024-12-27 20:14:45,003 - invoice_processor - INFO - Buscando archivo PDF más reciente...
2024-12-27 20:14:45,005 - invoice_processor - INFO - Archivo PDF reciente encontrado: 30714395609_001_00004_00003108.pdf
2024-12-27 20:14:45,006 - invoice_processor - INFO - Procesando archivo para MIO SA
2024-12-27 20:14:45,008 - invoice_processor - INFO - Archivo movido exitosamente a: C:\Users\usuario\Desktop\Facturas_NOV\MIO SA x Honorarios Diciembre 2024 - Rendición N° 11361.pdf
2024-12-27 20:15:52,329 - invoice_processor - INFO - Buscando archivo PDF más reciente...
2024-12-27 20:15:52,331 - invoice_processor - INFO - Archivo PDF reciente encontrado: 30714395609_001_00004_00003109.pdf
2024-12-27 20:15:52,353 - invoice_processor - INFO - Procesando archivo para PAROLA TERESA MARGARITA
2024-12-27 20:15:52,356 - invoice_processor - INFO - Archivo movido exitosamente a: C:\Users\usuario\Desktop\Facturas_NOV\PAROLA TERESA MARGARITA x Honorarios Diciembre 2024 - Rendición N° 11392.pdf
2024-12-27 20:16:58,216 - invoice_processor - INFO - Buscando archivo PDF más reciente...
2024-12-27 20:16:58,217 - invoice_processor - INFO - Archivo PDF reciente encontrado: 30714395609_001_00004_00003110.pdf
2024-12-27 20:16:58,217 - invoice_processor - INFO - Procesando archivo para PASTOR NATALIA SOLEDAD
2024-12-27 20:16:58,218 - invoice_processor - INFO - Archivo movido exitosamente a: C:\Users\usuario\Desktop\Facturas_NOV\PASTOR NATALIA SOLEDAD x Honorarios Diciembre 2024 - Rendición N° 1127.pdf
2024-12-27 20:18:05,319 - invoice_processor - INFO - Buscando archivo PDF más reciente...
2024-12-27 20:18:05,319 - invoice_processor - INFO - Archivo PDF reciente encontrado: 30714395609_001_00004_00003111.pdf
2024-12-27 20:18:05,320 - invoice_processor - INFO - Procesando archivo para PERETTI EDGARDO MARCOS
2024-12-27 20:18:05,321 - invoice_processor - INFO - Archivo movido exitosamente a: C:\Users\usuario\Desktop\Facturas_NOV\PERETTI EDGARDO MARCOS x Honorarios Diciembre 2024 - Rendición N° 11332.pdf
2024-12-27 20:19:11,164 - invoice_processor - INFO - Buscando archivo PDF más reciente...
2024-12-27 20:19:11,166 - invoice_processor - INFO - Archivo PDF reciente encontrado: 30714395609_001_00004_00003112.pdf
2024-12-27 20:19:11,167 - invoice_processor - INFO - Procesando archivo para RUCCI SERGIO ESTEBAN
2024-12-27 20:19:11,169 - invoice_processor - INFO - Archivo movido exitosamente a: C:\Users\usuario\Desktop\Facturas_NOV\RUCCI SERGIO ESTEBAN x Honorarios Diciembre 2024 - Rendición N° 11352.pdf
2024-12-27 20:20:18,463 - invoice_processor - INFO - Buscando archivo PDF más reciente...
2024-12-27 20:20:18,464 - invoice_processor - INFO - Archivo PDF reciente encontrado: 30714395609_001_00004_00003113.pdf
2024-12-27 20:20:18,464 - invoice_processor - INFO - Procesando archivo para SAIDLER CARLOS DANIEL
2024-12-27 20:20:18,465 - invoice_processor - INFO - Archivo movido exitosamente a: C:\Users\usuario\Desktop\Facturas_NOV\SAIDLER CARLOS DANIEL x Honorarios Diciembre 2024 - Rendición N° 11261.pdf
2024-12-27 20:21:24,641 - invoice_processor - INFO - Buscando archivo PDF más reciente...
2024-12-27 20:21:24,643 - invoice_processor - INFO - Archivo PDF reciente encontrado: 30714395609_001_00004_00003114.pdf
2024-12-27 20:21:24,643 - invoice_processor - INFO - Procesando archivo para SALCHI JORGE ROBERTO
2024-12-27 20:21:24,646 - invoice_processor - INFO - Archivo movido exitosamente a: C:\Users\usuario\Desktop\Facturas_NOV\SALCHI JORGE ROBERTO x Honorarios Diciembre 2024 - Rendición N° 11262.pdf
2024-12-27 20:22:31,448 - invoice_processor - INFO - Buscando archivo PDF más reciente...
2024-12-27 20:22:31,449 - invoice_processor - INFO - Archivo PDF reciente encontrado: 30714395609_001_00004_00003115.pdf
2024-12-27 20:22:31,449 - invoice_processor - INFO - Procesando archivo para TERRA SA
2024-12-27 20:22:31,450 - invoice_processor - INFO - Archivo movido exitosamente a: C:\Users\usuario\Desktop\Facturas_NOV\TERRA SA x Honorarios Diciembre 2024 - Rendición N° 11339.pdf
2024-12-27 20:23:37,864 - invoice_processor - INFO - Buscando archivo PDF más reciente...
2024-12-27 20:23:37,866 - invoice_processor - INFO - Archivo PDF reciente encontrado: 30714395609_001_00004_00003116.pdf
2024-12-27 20:23:37,867 - invoice_processor - INFO - Procesando archivo para VELAZQUEZ, GUILLERMO
2024-12-27 20:23:37,869 - invoice_processor - INFO - Archivo movido exitosamente a: C:\Users\usuario\Desktop\Facturas_NOV\VELAZQUEZ, GUILLERMO x Honorarios Diciembre 2024 - Rendición N° 11356.pdf
2024-12-27 20:24:44,291 - invoice_processor - INFO - Buscando archivo PDF más reciente...
2024-12-27 20:24:44,291 - invoice_processor - INFO - Archivo PDF reciente encontrado: 30714395609_001_00004_00003117.pdf
2024-12-27 20:24:44,292 - invoice_processor - INFO - Procesando archivo para VERDI GABRIELA ALEJANDRA
2024-12-27 20:24:44,293 - invoice_processor - INFO - Archivo movido exitosamente a: C:\Users\usuario\Desktop\Facturas_NOV\VERDI GABRIELA ALEJANDRA x Honorarios Diciembre 2024 - Rendición N° 11363.pdf
2024-12-27 20:25:51,352 - invoice_processor - INFO - Buscando archivo PDF más reciente...
2024-12-27 20:25:51,354 - invoice_processor - INFO - Archivo PDF reciente encontrado: 30714395609_001_00004_00003118.pdf
2024-12-27 20:25:51,355 - invoice_processor - INFO - Procesando archivo para ZUCCHET PIETRO EZIO
2024-12-27 20:25:51,357 - invoice_processor - INFO - Archivo movido exitosamente a: C:\Users\usuario\Desktop\Facturas_NOV\ZUCCHET PIETRO EZIO x Honorarios Diciembre 2024 - Rendición N° 11236.pdf
2024-12-27 20:27:00,264 - invoice_processor - INFO - Buscando archivo PDF más reciente...
2024-12-27 20:27:00,266 - invoice_processor - INFO - Archivo PDF reciente encontrado: 30714395609_006_00004_00001431.pdf
2024-12-27 20:27:00,267 - invoice_processor - INFO - Procesando archivo para FLUMIAN LIBERO
2024-12-27 20:27:00,269 - invoice_processor - INFO - Archivo movido exitosamente a: C:\Users\usuario\Desktop\Facturas_NOV\FLUMIAN LIBERO x Honorarios Diciembre 2024 - Rendición N° 11355.pdf
2025-01-08 12:17:06,358 - WDM - INFO - ====== WebDriver manager ======
2025-01-08 12:17:06,923 - WDM - INFO - Get LATEST chromedriver version for google-chrome
2025-01-08 12:17:07,067 - WDM - INFO - Get LATEST chromedriver version for google-chrome
2025-01-08 12:17:07,162 - WDM - INFO - There is no [win64] chromedriver "131.0.6778.264" for browser google-chrome "131.0.6778" in cache
2025-01-08 12:17:07,162 - WDM - INFO - Get LATEST chromedriver version for google-chrome
2025-01-08 12:17:07,385 - WDM - INFO - WebDriver version 131.0.6778.264 selected
2025-01-08 12:17:07,388 - WDM - INFO - Modern chrome version https://storage.googleapis.com/chrome-for-testing-public/131.0.6778.264/win32/chromedriver-win32.zip
2025-01-08 12:17:07,389 - WDM - INFO - About to download new driver from https://storage.googleapis.com/chrome-for-testing-public/131.0.6778.264/win32/chromedriver-win32.zip
2025-01-08 12:17:07,529 - WDM - INFO - Driver downloading response is 200
2025-01-08 12:17:08,576 - WDM - INFO - Get LATEST chromedriver version for google-chrome
2025-01-08 12:17:08,788 - WDM - INFO - Driver has been saved in cache [C:\Users\usuario\.wdm\drivers\chromedriver\win64\131.0.6778.264]
2025-01-08 12:18:28,509 - invoice_processor - INFO - Buscando archivo PDF más reciente...
2025-01-08 12:18:28,511 - invoice_processor - INFO - Archivo PDF reciente encontrado: 30714395609_006_00004_00001432.pdf
2025-01-08 12:18:28,511 - invoice_processor - INFO - Procesando archivo para ALFONSO FRANCISCO ABRELIANO
2025-01-08 12:18:28,513 - invoice_processor - INFO - Archivo movido exitosamente a: C:\Users\usuario\Desktop\Facturas_NOV\ALFONSO FRANCISCO ABRELIANO x Honorarios Diciembre 2024 - Rendición N° 11492.pdf
2025-01-08 12:19:35,603 - invoice_processor - INFO - Buscando archivo PDF más reciente...
2025-01-08 12:19:35,604 - invoice_processor - INFO - Archivo PDF reciente encontrado: 30714395609_001_00004_00003119.pdf
2025-01-08 12:19:35,605 - invoice_processor - INFO - Procesando archivo para ARGAÑARAZ YOLANDA
2025-01-08 12:19:35,607 - invoice_processor - INFO - Archivo movido exitosamente a: C:\Users\usuario\Desktop\Facturas_NOV\ARGAÑARAZ YOLANDA x Honorarios Diciembre 2024 - Rendición N° 1146.pdf
2025-01-08 12:20:42,379 - invoice_processor - INFO - Buscando archivo PDF más reciente...
2025-01-08 12:20:42,382 - invoice_processor - INFO - Archivo PDF reciente encontrado: 30714395609_001_00004_00003120.pdf
2025-01-08 12:20:42,383 - invoice_processor - INFO - Procesando archivo para BOGADO ADRIAN FLORO
2025-01-08 12:20:42,386 - invoice_processor - INFO - Archivo movido exitosamente a: C:\Users\usuario\Desktop\Facturas_NOV\BOGADO ADRIAN FLORO x Honorarios Diciembre 2024 - Rendición N° 11512.pdf
2025-01-08 12:21:49,262 - invoice_processor - INFO - Buscando archivo PDF más reciente...
2025-01-08 12:21:49,265 - invoice_processor - INFO - Archivo PDF reciente encontrado: 30714395609_001_00004_00003121.pdf
2025-01-08 12:21:49,265 - invoice_processor - INFO - Procesando archivo para Condominio GIMENEZ
2025-01-08 12:21:49,269 - invoice_processor - INFO - Archivo movido exitosamente a: C:\Users\usuario\Desktop\Facturas_NOV\Condominio GIMENEZ x Honorarios Diciembre 2024 - Rendición N° 11459.pdf
2025-01-08 12:22:55,971 - invoice_processor - INFO - Buscando archivo PDF más reciente...
2025-01-08 12:22:55,974 - invoice_processor - INFO - Archivo PDF reciente encontrado: 30714395609_001_00004_00003122.pdf
2025-01-08 12:22:55,975 - invoice_processor - INFO - Procesando archivo para FERNANDEZ BEDOYA MARIA DEL CARMEN
2025-01-08 12:22:55,978 - invoice_processor - INFO - Archivo movido exitosamente a: C:\Users\usuario\Desktop\Facturas_NOV\FERNANDEZ BEDOYA MARIA DEL CARMEN x Honorarios Diciembre 2024 - Rendición N° 11498.pdf
2025-01-08 12:24:03,281 - invoice_processor - INFO - Buscando archivo PDF más reciente...
2025-01-08 12:24:03,284 - invoice_processor - INFO - Archivo PDF reciente encontrado: 30714395609_001_00004_00003123.pdf
2025-01-08 12:24:03,285 - invoice_processor - INFO - Procesando archivo para FREITAS HENRIQUES CARLOS ENRIQUE
2025-01-08 12:24:03,288 - invoice_processor - INFO - Archivo movido exitosamente a: C:\Users\usuario\Desktop\Facturas_NOV\FREITAS HENRIQUES CARLOS ENRIQUE x Honorarios Diciembre 2024 - Rendición N° 11463.pdf
2025-01-09 10:39:32,159 - WDM - INFO - ====== WebDriver manager ======
2025-01-09 10:39:32,788 - WDM - INFO - Get LATEST chromedriver version for google-chrome
2025-01-09 10:39:32,972 - WDM - INFO - Get LATEST chromedriver version for google-chrome
2025-01-09 10:39:33,064 - WDM - INFO - Get LATEST chromedriver version for google-chrome
2025-01-09 10:39:33,290 - WDM - INFO - WebDriver version 131.0.6778.264 selected
2025-01-09 10:39:33,295 - WDM - INFO - Modern chrome version https://storage.googleapis.com/chrome-for-testing-public/131.0.6778.264/win32/chromedriver-win32.zip
2025-01-09 10:39:33,295 - WDM - INFO - About to download new driver from https://storage.googleapis.com/chrome-for-testing-public/131.0.6778.264/win32/chromedriver-win32.zip
2025-01-09 10:39:33,443 - WDM - INFO - Driver downloading response is 200
2025-01-09 10:39:34,598 - WDM - INFO - Get LATEST chromedriver version for google-chrome
2025-01-09 10:39:34,821 - WDM - INFO - Driver has been saved in cache [C:\Users\usuario\.wdm\drivers\chromedriver\win64\131.0.6778.264]
2025-01-09 10:40:26,912 - urllib3.connectionpool - WARNING - Retrying (Retry(total=2, connect=None, read=None, redirect=None, status=None)) after connection broken by 'NewConnectionError('<urllib3.connection.HTTPConnection object at 0x000001B3501880A0>: Failed to establish a new connection: [WinError 10061] No se puede establecer una conexión ya que el equipo de destino denegó expresamente dicha conexión')': /session/c8a84cfc92ff9ac84b11a86aa19a085a
2025-01-09 10:40:28,937 - urllib3.connectionpool - WARNING - Retrying (Retry(total=1, connect=None, read=None, redirect=None, status=None)) after connection broken by 'NewConnectionError('<urllib3.connection.HTTPConnection object at 0x000001B35053C2E0>: Failed to establish a new connection: [WinError 10061] No se puede establecer una conexión ya que el equipo de destino denegó expresamente dicha conexión')': /session/c8a84cfc92ff9ac84b11a86aa19a085a
2025-01-09 10:40:30,960 - urllib3.connectionpool - WARNING - Retrying (Retry(total=0, connect=None, read=None, redirect=None, status=None)) after connection broken by 'NewConnectionError('<urllib3.connection.HTTPConnection object at 0x000001B35053C430>: Failed to establish a new connection: [WinError 10061] No se puede establecer una conexión ya que el equipo de destino denegó expresamente dicha conexión')': /session/c8a84cfc92ff9ac84b11a86aa19a085a
2025-01-09 10:41:01,134 - WDM - INFO - ====== WebDriver manager ======
2025-01-09 10:41:01,792 - WDM - INFO - Get LATEST chromedriver version for google-chrome
2025-01-09 10:41:01,888 - WDM - INFO - Get LATEST chromedriver version for google-chrome
2025-01-09 10:41:01,976 - WDM - INFO - Driver [C:\Users\usuario\.wdm\drivers\chromedriver\win64\131.0.6778.264\chromedriver-win32/chromedriver.exe] found in cache
2025-01-09 10:42:22,233 - invoice_processor - INFO - Buscando archivo PDF más reciente...
2025-01-09 10:42:22,237 - invoice_processor - INFO - Archivo PDF reciente encontrado: 30714395609_006_00004_00001433.pdf
2025-01-09 10:42:22,238 - invoice_processor - INFO - Procesando archivo para GROGOL GRACIELA MARIEL
2025-01-09 10:42:22,242 - invoice_processor - INFO - Archivo movido exitosamente a: C:\Users\usuario\Desktop\Facturas_NOV\GROGOL GRACIELA MARIEL x Honorarios Diciembre 2024 - Rendición N° 11158.pdf
2025-01-09 10:43:28,792 - invoice_processor - INFO - Buscando archivo PDF más reciente...
2025-01-09 10:43:28,793 - invoice_processor - INFO - Archivo PDF reciente encontrado: 30714395609_001_00004_00003124.pdf
2025-01-09 10:43:28,793 - invoice_processor - INFO - Procesando archivo para MARTINEZ MARCELO
2025-01-09 10:43:28,795 - invoice_processor - INFO - Archivo movido exitosamente a: C:\Users\usuario\Desktop\Facturas_NOV\MARTINEZ MARCELO x Honorarios Diciembre 2024 - Rendición N° 11508.pdf
2025-01-09 10:44:35,151 - invoice_processor - INFO - Buscando archivo PDF más reciente...
2025-01-09 10:44:35,154 - invoice_processor - INFO - Archivo PDF reciente encontrado: 30714395609_001_00004_00003125.pdf
2025-01-09 10:44:35,155 - invoice_processor - INFO - Procesando archivo para MUÑOZ BOLL CLAUDIA SUSANA
2025-01-09 10:44:35,158 - invoice_processor - INFO - Archivo movido exitosamente a: C:\Users\usuario\Desktop\Facturas_NOV\MUÑOZ BOLL CLAUDIA SUSANA x Honorarios Diciembre 2024 - Rendición N° 11486.pdf
2025-01-09 10:45:41,664 - invoice_processor - INFO - Buscando archivo PDF más reciente...
2025-01-09 10:45:41,665 - invoice_processor - INFO - Archivo PDF reciente encontrado: 30714395609_001_00004_00003126.pdf
2025-01-09 10:45:41,666 - invoice_processor - INFO - Procesando archivo para NAVARRO OSCAR ENRIQUE
2025-01-09 10:45:41,667 - invoice_processor - INFO - Archivo movido exitosamente a: C:\Users\usuario\Desktop\Facturas_NOV\NAVARRO OSCAR ENRIQUE x Honorarios Diciembre 2024 - Rendición N° 11486.pdf
2025-01-09 10:46:48,290 - invoice_processor - INFO - Buscando archivo PDF más reciente...
2025-01-09 10:46:48,292 - invoice_processor - INFO - Archivo PDF reciente encontrado: 30714395609_001_00004_00003127.pdf
2025-01-09 10:46:48,292 - invoice_processor - INFO - Procesando archivo para YAIQUE CARLOS GUSTAVO
2025-01-09 10:46:48,294 - invoice_processor - INFO - Archivo movido exitosamente a: C:\Users\usuario\Desktop\Facturas_NOV\YAIQUE CARLOS GUSTAVO x Honorarios Diciembre 2024 - Rendición N° 11467.pdf
2025-01-09 10:47:57,166 - invoice_processor - INFO - Buscando archivo PDF más reciente...
2025-01-09 10:47:57,169 - invoice_processor - INFO - Archivo PDF reciente encontrado: 30714395609_006_00004_00001434.pdf
2025-01-09 10:47:57,170 - invoice_processor - INFO - Procesando archivo para ROJAS YOLANDA
2025-01-09 10:47:57,173 - invoice_processor - INFO - Archivo movido exitosamente a: C:\Users\usuario\Desktop\Facturas_NOV\ROJAS YOLANDA x Honorarios Diciembre 2024 - Rendición N° 11488.pdf
